Initial check results: 

SUCCESS: Submission has consistently named tex, bib, and R files
WARNING: The archive contains hidden files which will be removed: .gitignore, .Rhistory
SUCCESS: File and directory names are compliant.
NOTE: Remove .log, .aux and .out files before submitting.
SUCCESS: No problematic file found
SUCCESS: Possible motivation letter found: motivation-letter, motivation-letter.pdf
SUCCESS: Article title formatted in title case.
ERROR: Section Theoretical Framework, Empirical Illustration is not in sentence case!
SUCCESS: Abstract formatted in plain text.
Initial check results: 

SUCCESS: Submission has consistently named tex, bib, and R files
WARNING: The archive contains hidden files which will be removed: .gitignore, .Rhistory
SUCCESS: File and directory names are compliant.
NOTE: Remove .log, .aux and .out files before submitting.
SUCCESS: No problematic file found
SUCCESS: Possible motivation letter found: motivation-letter, motivation-letter.pdf
SUCCESS: Article title formatted in title case.
ERROR: Section Theoretical Framework, Empirical Illustration is not in sentence case!
SUCCESS: Abstract formatted in plain text.
Initial check results: 

SUCCESS: Submission has consistently named tex, bib, and R files
WARNING: The archive contains hidden files which will be removed: .gitignore, .Rhistory
SUCCESS: File and directory names are compliant.
NOTE: Remove .log, .aux and .out files before submitting.
SUCCESS: No problematic file found
SUCCESS: Possible motivation letter found: motivation-letter, motivation-letter.pdf
ERROR: Article title not in title case! Suggest title: Spantest: An R Package for Mean-Variance Spanning Tests in Portfolio Analysis.
SUCCESS: Section titles formatted in sentence case.
SUCCESS: Abstract formatted in plain text.
Initial check results: 

SUCCESS: Submission has consistently named tex, bib, and R files
WARNING: The archive contains hidden files which will be removed: .gitignore, .Rhistory
SUCCESS: File and directory names are compliant.
NOTE: Remove .log, .aux and .out files before submitting.
SUCCESS: No problematic file found
SUCCESS: Possible motivation letter found: motivation-letter, motivation-letter.pdf
SUCCESS: Article title formatted in title case.
SUCCESS: Section titles formatted in sentence case.
SUCCESS: Abstract formatted in plain text.
Initial check results: 

SUCCESS: Submission has consistently named tex, bib, and R files
WARNING: The archive contains hidden files which will be removed: .gitignore, .Rhistory
SUCCESS: File and directory names are compliant.
NOTE: Remove .log, .aux and .out files before submitting.
SUCCESS: No problematic file found
SUCCESS: Possible motivation letter found: motivation-letter, motivation-letter.pdf
SUCCESS: Article title formatted in title case.
SUCCESS: Section titles formatted in sentence case.
SUCCESS: Abstract formatted in plain text.
Initial check results: 

SUCCESS: Submission has consistently named tex, bib, and R files
WARNING: The archive contains hidden files which will be removed: .gitignore, .Rhistory
SUCCESS: File and directory names are compliant.
NOTE: Remove .log, .aux and .out files before submitting.
SUCCESS: No problematic file found
SUCCESS: Possible motivation letter found: motivation-letter, motivation-letter.pdf
SUCCESS: Article title formatted in title case.
SUCCESS: Section titles formatted in sentence case.
SUCCESS: Abstract formatted in plain text.
Initial check results: 

SUCCESS: Submission has consistently named tex, bib, and R files
WARNING: The archive contains hidden files which will be removed: .gitignore, .Rhistory
SUCCESS: File and directory names are compliant.
NOTE: Remove .log, .aux and .out files before submitting.
SUCCESS: No problematic file found
SUCCESS: Possible motivation letter found: motivation-letter, motivation-letter.pdf
SUCCESS: Article title formatted in title case.
SUCCESS: Section titles formatted in sentence case.
Initial check results: 

SUCCESS: Submission has consistently named tex, bib, and R files
WARNING: The archive contains hidden files which will be removed: .gitignore, .Rhistory
SUCCESS: File and directory names are compliant.
NOTE: Remove .log, .aux and .out files before submitting.
SUCCESS: No problematic file found
SUCCESS: Possible motivation letter found: motivation-letter, motivation-letter.pdf
SUCCESS: Article title formatted in title case.
SUCCESS: Section titles formatted in sentence case.
Initial check results: 

SUCCESS: Submission has consistently named tex, bib, and R files
WARNING: The archive contains hidden files which will be removed: .gitignore, .Rhistory
SUCCESS: File and directory names are compliant.
NOTE: Remove .log, .aux and .out files before submitting.
SUCCESS: No problematic file found
SUCCESS: Possible motivation letter found: motivation-letter, motivation-letter.pdf
SUCCESS: Article title formatted in title case.
SUCCESS: Section titles formatted in sentence case.
Initial check results: 

SUCCESS: Submission has consistently named tex, bib, and R files
WARNING: The archive contains hidden files which will be removed: .gitignore, .Rhistory
SUCCESS: File and directory names are compliant.
NOTE: Remove .log, .aux and .out files before submitting.
SUCCESS: No problematic file found
SUCCESS: Possible motivation letter found: motivation-letter, motivation-letter.pdf
SUCCESS: Article title formatted in title case.
SUCCESS: Section titles formatted in sentence case.
SUCCESS: Abstract formatted in plain text.
Initial check results: 

SUCCESS: Submission has consistently named tex, bib, and R files
WARNING: The archive contains hidden files which will be removed: .gitignore, .Rhistory
SUCCESS: File and directory names are compliant.
NOTE: Remove .log, .aux and .out files before submitting.
SUCCESS: No problematic file found
SUCCESS: Possible motivation letter found: motivation-letter, motivation-letter.pdf
SUCCESS: Article title formatted in title case.
SUCCESS: Section titles formatted in sentence case.
Initial check results: 

SUCCESS: Submission has consistently named tex, bib, and R files
WARNING: The archive contains hidden files which will be removed: .gitignore, .Rhistory
SUCCESS: File and directory names are compliant.
NOTE: Remove .log, .aux and .out files before submitting.
SUCCESS: No problematic file found
SUCCESS: Possible motivation letter found: motivation-letter, motivation-letter.pdf
SUCCESS: Article title formatted in title case.
SUCCESS: Section titles formatted in sentence case.
Initial check results: 

SUCCESS: Submission has consistently named tex, bib, and R files
WARNING: The archive contains hidden files which will be removed: .gitignore, .Rhistory
SUCCESS: File and directory names are compliant.
NOTE: Remove .log, .aux and .out files before submitting.
SUCCESS: No problematic file found
SUCCESS: Possible motivation letter found: motivation-letter, motivation-letter.pdf
SUCCESS: Article title formatted in title case.
SUCCESS: Section titles formatted in sentence case.
Initial check results: 

SUCCESS: Submission has consistently named tex, bib, and R files
WARNING: The archive contains hidden files which will be removed: .gitignore, .Rhistory
SUCCESS: File and directory names are compliant.
NOTE: Remove .log, .aux and .out files before submitting.
SUCCESS: No problematic file found
SUCCESS: Possible motivation letter found: motivation-letter, motivation-letter.pdf
SUCCESS: Article title formatted in title case.
SUCCESS: Section titles formatted in sentence case.
SUCCESS: Abstract formatted in plain text.
Initial check results: 

SUCCESS: Submission has consistently named tex, bib, and R files
WARNING: The archive contains hidden files which will be removed: .gitignore, .Rhistory
SUCCESS: File and directory names are compliant.
NOTE: Remove .log, .aux and .out files before submitting.
SUCCESS: No problematic file found
SUCCESS: Possible motivation letter found: motivation-letter, motivation-letter.pdf
SUCCESS: Article title formatted in title case.
SUCCESS: Section titles formatted in sentence case.
SUCCESS: Abstract formatted in plain text.
Initial check results: 

SUCCESS: Submission has consistently named tex, bib, and R files
WARNING: The archive contains hidden files which will be removed: .gitignore, .Rhistory
SUCCESS: File and directory names are compliant.
NOTE: Remove .log, .aux and .out files before submitting.
SUCCESS: No problematic file found
SUCCESS: Possible motivation letter found: motivation-letter, motivation-letter.pdf
SUCCESS: Article title formatted in title case.
SUCCESS: Section titles formatted in sentence case.
ERROR: Abstract should be plain text without package markups,
mathematical notations, citation, or other formattings.
Initial check results: 

SUCCESS: Submission has consistently named tex, bib, and R files
WARNING: The archive contains hidden files which will be removed: .gitignore, .Rhistory
SUCCESS: File and directory names are compliant.
NOTE: Remove .log, .aux and .out files before submitting.
SUCCESS: No problematic file found
SUCCESS: Possible motivation letter found: motivation-letter, motivation-letter.pdf
SUCCESS: Article title formatted in title case.
SUCCESS: Section titles formatted in sentence case.
SUCCESS: Abstract formatted in plain text.
Initial check results: 

SUCCESS: Submission has consistently named tex, bib, and R files
WARNING: The archive contains hidden files which will be removed: .gitignore, .Rhistory
SUCCESS: File and directory names are compliant.
NOTE: Remove .log, .aux and .out files before submitting.
SUCCESS: No problematic file found
SUCCESS: Possible motivation letter found: motivation-letter, motivation-letter.pdf
SUCCESS: Article title formatted in title case.
SUCCESS: Section titles formatted in sentence case.
SUCCESS: Abstract formatted in plain text.
Initial check results: 

SUCCESS: Submission has consistently named tex, bib, and R files
WARNING: The archive contains hidden files which will be removed: .gitignore, .Rhistory
SUCCESS: File and directory names are compliant.
NOTE: Remove .log, .aux and .out files before submitting.
SUCCESS: No problematic file found
SUCCESS: Possible motivation letter found: motivation-letter, motivation-letter.pdf
SUCCESS: Article title formatted in title case.
SUCCESS: Section titles formatted in sentence case.
ERROR: Abstract should be plain text without package markups,
mathematical notations, citation, or other formattings.
Initial check results: 

SUCCESS: Submission has consistently named tex, bib, and R files
WARNING: The archive contains hidden files which will be removed: .gitignore, .Rhistory
SUCCESS: File and directory names are compliant.
NOTE: Remove .log, .aux and .out files before submitting.
SUCCESS: No problematic file found
SUCCESS: Possible motivation letter found: motivation-letter, motivation-letter.pdf
SUCCESS: Article title formatted in title case.
SUCCESS: Section titles formatted in sentence case.
SUCCESS: Abstract formatted in plain text.
Initial check results: 

SUCCESS: Submission has consistently named tex, bib, and R files
WARNING: The archive contains hidden files which will be removed: .gitignore, .Rhistory
SUCCESS: File and directory names are compliant.
NOTE: Remove .log, .aux and .out files before submitting.
SUCCESS: No problematic file found
SUCCESS: Possible motivation letter found: motivation-letter, motivation-letter.pdf
SUCCESS: Article title formatted in title case.
SUCCESS: Section titles formatted in sentence case.
SUCCESS: Abstract formatted in plain text.
Initial check results: 

SUCCESS: Submission has consistently named tex, bib, and R files
WARNING: The archive contains hidden files which will be removed: .gitignore, .Rhistory
SUCCESS: File and directory names are compliant.
NOTE: Remove .log, .aux and .out files before submitting.
SUCCESS: No problematic file found
SUCCESS: Possible motivation letter found: motivation-letter, motivation-letter.pdf
SUCCESS: Article title formatted in title case.
SUCCESS: Section titles formatted in sentence case.
SUCCESS: Abstract formatted in plain text.
Initial check results: 

SUCCESS: Submission has consistently named tex, bib, and R files
WARNING: The archive contains hidden files which will be removed: .gitignore, .Rhistory
SUCCESS: File and directory names are compliant.
NOTE: Remove .log, .aux and .out files before submitting.
SUCCESS: No problematic file found
SUCCESS: Possible motivation letter found: motivation-letter, motivation-letter.pdf
SUCCESS: Article title formatted in title case.
SUCCESS: Section titles formatted in sentence case.
SUCCESS: Abstract formatted in plain text.
Initial check results: 

SUCCESS: Submission has consistently named tex, bib, and R files
WARNING: The archive contains hidden files which will be removed: .gitignore, .Rhistory
SUCCESS: File and directory names are compliant.
NOTE: Remove .log, .aux and .out files before submitting.
SUCCESS: No problematic file found
SUCCESS: Possible motivation letter found: motivation-letter, motivation-letter.pdf
SUCCESS: Article title formatted in title case.
SUCCESS: Section titles formatted in sentence case.
SUCCESS: Abstract formatted in plain text.
Initial check results: 

SUCCESS: Submission has consistently named tex, bib, and R files
WARNING: The archive contains hidden files which will be removed: .gitignore, .Rhistory
SUCCESS: File and directory names are compliant.
NOTE: Remove .log, .aux and .out files before submitting.
SUCCESS: No problematic file found
SUCCESS: Possible motivation letter found: motivation-letter, motivation-letter.pdf
SUCCESS: Article title formatted in title case.
SUCCESS: Section titles formatted in sentence case.
SUCCESS: Abstract formatted in plain text.
Initial check results: 

SUCCESS: Submission has consistently named tex, bib, and R files
WARNING: The archive contains hidden files which will be removed: .gitignore, .Rhistory
SUCCESS: File and directory names are compliant.
NOTE: Remove .log, .aux and .out files before submitting.
SUCCESS: No problematic file found
SUCCESS: Possible motivation letter found: motivation-letter, motivation-letter.pdf
SUCCESS: Article title formatted in title case.
SUCCESS: Section titles formatted in sentence case.
SUCCESS: Abstract formatted in plain text.
Initial check results: 

SUCCESS: Submission has consistently named tex, bib, and R files
WARNING: The archive contains hidden files which will be removed: .gitignore, .Rhistory
SUCCESS: File and directory names are compliant.
NOTE: Remove .log, .aux and .out files before submitting.
SUCCESS: No problematic file found
SUCCESS: Possible motivation letter found: motivation-letter, motivation-letter.pdf
SUCCESS: Article title formatted in title case.
SUCCESS: Section titles formatted in sentence case.
SUCCESS: Abstract formatted in plain text.
Initial check results: 

SUCCESS: Submission has consistently named tex, bib, and R files
WARNING: The archive contains hidden files which will be removed: .gitignore, .Rhistory
SUCCESS: File and directory names are compliant.
NOTE: Remove .log, .aux and .out files before submitting.
SUCCESS: No problematic file found
SUCCESS: Possible motivation letter found: motivation-letter, motivation-letter.pdf
SUCCESS: Article title formatted in title case.
SUCCESS: Section titles formatted in sentence case.
SUCCESS: Abstract formatted in plain text.
Initial check results: 

SUCCESS: Submission has consistently named tex, bib, and R files
WARNING: The archive contains hidden files which will be removed: .gitignore, .Rhistory
SUCCESS: File and directory names are compliant.
NOTE: Remove .log, .aux and .out files before submitting.
SUCCESS: No problematic file found
SUCCESS: Possible motivation letter found: motivation-letter, motivation-letter.pdf
SUCCESS: Article title formatted in title case.
SUCCESS: Section titles formatted in sentence case.
SUCCESS: Abstract formatted in plain text.
Initial check results: 

SUCCESS: Submission has consistently named tex, bib, and R files
WARNING: The archive contains hidden files which will be removed: .gitignore, .Rhistory
SUCCESS: File and directory names are compliant.
NOTE: Remove .log, .aux and .out files before submitting.
SUCCESS: No problematic file found
SUCCESS: Possible motivation letter found: motivation-letter, motivation-letter.pdf
SUCCESS: Article title formatted in title case.
SUCCESS: Section titles formatted in sentence case.
SUCCESS: Abstract formatted in plain text.
Initial check results: 

SUCCESS: Submission has consistently named tex, bib, and R files
WARNING: The archive contains hidden files which will be removed: .gitignore, .Rhistory
SUCCESS: File and directory names are compliant.
NOTE: Remove .log, .aux and .out files before submitting.
SUCCESS: No problematic file found
SUCCESS: Possible motivation letter found: motivation-letter, motivation-letter.pdf
SUCCESS: Article title formatted in title case.
SUCCESS: Section titles formatted in sentence case.
SUCCESS: Abstract formatted in plain text.
Initial check results: 

SUCCESS: Submission has consistently named tex, bib, and R files
WARNING: The archive contains hidden files which will be removed: .gitignore, .Rhistory
SUCCESS: File and directory names are compliant.
NOTE: Remove .log, .aux and .out files before submitting.
SUCCESS: No problematic file found
SUCCESS: Possible motivation letter found: motivation-letter, motivation-letter.pdf
SUCCESS: Article title formatted in title case.
SUCCESS: Section titles formatted in sentence case.
SUCCESS: Abstract formatted in plain text.
Initial check results: 

SUCCESS: Submission has consistently named tex, bib, and R files
WARNING: The archive contains hidden files which will be removed: .gitignore, .Rhistory
SUCCESS: File and directory names are compliant.
NOTE: Remove .log, .aux and .out files before submitting.
SUCCESS: No problematic file found
SUCCESS: Possible motivation letter found: motivation-letter, motivation-letter.pdf
SUCCESS: Article title formatted in title case.
SUCCESS: Section titles formatted in sentence case.
SUCCESS: Abstract formatted in plain text.
